# JRE version: OpenJDK Runtime Environment (8.0_402-b06) (build 1.8.0_402-b06)
# Java VM: OpenJDK 64-Bit Server VM (25.402-b06 mixed mode linux-amd64 compressed oops)
Heap:
 PSYoungGen      total 557568K, used 557565K [0x0000000671580000, 0x0000000695f80000, 0x00000007c0000000)
  eden space 515072K, 100% used [0x0000000671580000,0x0000000690c80000,0x0000000690c80000)
  from space 42496K, 99% used [0x0000000693600000,0x0000000695f7f780,0x0000000695f80000)
  to   space 42496K, 99% used [0x0000000690c80000,0x00000006935fb368,0x0000000693600000)
 ParOldGen       total 685568K, used 516813K [0x00000003d4000000, 0x00000003fdd80000, 0x0000000671580000)
  object space 685568K, 75% used [0x00000003d4000000,0x00000003f38b5640,0x00000003fdd80000)
 Metaspace       used 8558K, capacity 8708K, committed 8832K, reserved 1056768K
  class space    used 781K, capacity 856K, committed 896K, reserved 1048576K
GC Heap History (5 events):
Event: 0.662 GC heap before
{Heap before GC invocations=1 (full 0):
 PSYoungGen      total 300032K, used 257536K [0x0000000671580000, 0x0000000686400000, 0x00000007c0000000)
  eden space 257536K, 100% used [0x0000000671580000,0x0000000681100000,0x0000000681100000)
  from space 42496K, 0% used [0x0000000683a80000,0x0000000683a80000,0x0000000686400000)
  to   space 42496K, 0% used [0x0000000681100000,0x0000000681100000,0x0000000683a80000)
 ParOldGen       total 685568K, used 0K [0x00000003d4000000, 0x00000003fdd80000, 0x0000000671580000)
  object space 685568K, 0% used [0x00000003d4000000,0x00000003d4000000,0x00000003fdd80000)
 Metaspace       used 6986K, capacity 7200K, committed 7424K, reserved 1056768K
  class space    used 630K, capacity 656K, committed 768K, reserved 1048576K
Event: 0.942 GC heap after
Heap after GC invocations=1 (full 0):
 PSYoungGen      total 300032K, used 42466K [0x0000000671580000, 0x0000000695f80000, 0x00000007c0000000)
  eden space 257536K, 0% used [0x0000000671580000,0x0000000671580000,0x0000000681100000)
  from space 42496K, 99% used [0x0000000681100000,0x0000000683a78ae8,0x0000000683a80000)
  to   space 42496K, 0% used [0x0000000693600000,0x0000000693600000,0x0000000695f80000)
 ParOldGen       total 685568K, used 105419K [0x00000003d4000000, 0x00000003fdd80000, 0x0000000671580000)
  object space 685568K, 15% used [0x00000003d4000000,0x00000003da6f2f30,0x00000003fdd80000)
 Metaspace       used 6986K, capacity 7200K, committed 7424K, reserved 1056768K
  class space    used 630K, capacity 656K, committed 768K, reserved 1048576K
}
Event: 1.307 GC heap before
{Heap before GC invocations=2 (full 0):
 PSYoungGen      total 300032K, used 300002K [0x0000000671580000, 0x0000000695f80000, 0x00000007c0000000)
  eden space 257536K, 100% used [0x0000000671580000,0x0000000681100000,0x0000000681100000)
  from space 42496K, 99% used [0x0000000681100000,0x0000000683a78ae8,0x0000000683a80000)
  to   space 42496K, 0% used [0x0000000693600000,0x0000000693600000,0x0000000695f80000)
 ParOldGen       total 685568K, used 105419K [0x00000003d4000000, 0x00000003fdd80000, 0x0000000671580000)
  object space 685568K, 15% used [0x00000003d4000000,0x00000003da6f2f30,0x00000003fdd80000)
 Metaspace       used 7021K, capacity 7200K, committed 7424K, reserved 1056768K
  class space    used 634K, capacity 656K, committed 768K, reserved 1048576K
Event: 1.718 GC heap after
Heap after GC invocations=2 (full 0):
 PSYoungGen      total 557568K, used 42493K [0x0000000671580000, 0x0000000695f80000, 0x00000007c0000000)
  eden space 515072K, 0% used [0x0000000671580000,0x0000000671580000,0x0000000690c80000)
  from space 42496K, 99% used [0x0000000693600000,0x0000000695f7f780,0x0000000695f80000)
  to   space 42496K, 0% used [0x0000000690c80000,0x0000000690c80000,0x0000000693600000)
 ParOldGen       total 685568K, used 263718K [0x00000003d4000000, 0x00000003fdd80000, 0x0000000671580000)
  object space 685568K, 38% used [0x00000003d4000000,0x00000003e4189be8,0x00000003fdd80000)
 Metaspace       used 7021K, capacity 7200K, committed 7424K, reserved 1056768K
  class space    used 634K, capacity 656K, committed 768K, reserved 1048576K
}
Event: 2.794 GC heap before
{Heap before GC invocations=3 (full 0):
 PSYoungGen      total 557568K, used 557565K [0x0000000671580000, 0x0000000695f80000, 0x00000007c0000000)
  eden space 515072K, 100% used [0x0000000671580000,0x0000000690c80000,0x0000000690c80000)
  from space 42496K, 99% used [0x0000000693600000,0x0000000695f7f780,0x0000000695f80000)
  to   space 42496K, 0% used [0x0000000690c80000,0x0000000690c80000,0x0000000693600000)
 ParOldGen       total 685568K, used 263718K [0x00000003d4000000, 0x00000003fdd80000, 0x0000000671580000)
  object space 685568K, 38% used [0x00000003d4000000,0x00000003e4189be8,0x00000003fdd80000)
 Metaspace       used 8558K, capacity 8708K, committed 8832K, reserved 1056768K
  class space    used 781K, capacity 856K, committed 896K, reserved 1048576K

