# JRE version: OpenJDK Runtime Environment (8.0_402-b06) (build 1.8.0_402-b06)
# Java VM: OpenJDK 64-Bit Server VM (25.402-b06 mixed mode linux-amd64 compressed oops)
Heap:
 PSYoungGen      total 300032K, used 300029K [0x0000000671580000, 0x0000000695f80000, 0x00000007c0000000)
  eden space 257536K, 100% used [0x0000000671580000,0x0000000681100000,0x0000000681100000)
  from space 42496K, 99% used [0x0000000681100000,0x0000000683a7f5f8,0x0000000683a80000)
  to   space 42496K, 99% used [0x0000000693600000,0x0000000695f7bb48,0x0000000695f80000)
 ParOldGen       total 2005504K, used 1568264K [0x00000003d4000000, 0x000000044e680000, 0x0000000671580000)
  object space 2005504K, 78% used [0x00000003d4000000,0x0000000433b84020,0x000000044e680000)
 Metaspace       used 7029K, capacity 7200K, committed 7424K, reserved 1056768K
  class space    used 634K, capacity 656K, committed 768K, reserved 1048576K
GC Heap History (3 events):
Event: 0.677 GC heap before
{Heap before GC invocations=1 (full 0):
 PSYoungGen      total 300032K, used 257536K [0x0000000671580000, 0x0000000686400000, 0x00000007c0000000)
  eden space 257536K, 100% used [0x0000000671580000,0x0000000681100000,0x0000000681100000)
  from space 42496K, 0% used [0x0000000683a80000,0x0000000683a80000,0x0000000686400000)
  to   space 42496K, 0% used [0x0000000681100000,0x0000000681100000,0x0000000683a80000)
 ParOldGen       total 685568K, used 0K [0x00000003d4000000, 0x00000003fdd80000, 0x0000000671580000)
  object space 685568K, 0% used [0x00000003d4000000,0x00000003d4000000,0x00000003fdd80000)
 Metaspace       used 6995K, capacity 7200K, committed 7424K, reserved 1056768K
  class space    used 630K, capacity 656K, committed 768K, reserved 1048576K
Event: 0.745 GC heap after
Heap after GC invocations=1 (full 0):
 PSYoungGen      total 300032K, used 42493K [0x0000000671580000, 0x0000000695f80000, 0x00000007c0000000)
  eden space 257536K, 0% used [0x0000000671580000,0x0000000671580000,0x0000000681100000)
  from space 42496K, 99% used [0x0000000681100000,0x0000000683a7f5f8,0x0000000683a80000)
  to   space 42496K, 0% used [0x0000000693600000,0x0000000693600000,0x0000000695f80000)
 ParOldGen       total 685568K, used 105501K [0x00000003d4000000, 0x00000003fdd80000, 0x0000000671580000)
  object space 685568K, 15% used [0x00000003d4000000,0x00000003da707640,0x00000003fdd80000)
 Metaspace       used 6995K, capacity 7200K, committed 7424K, reserved 1056768K
  class space    used 630K, capacity 656K, committed 768K, reserved 1048576K
}
Event: 1.101 GC heap before
{Heap before GC invocations=2 (full 0):
 PSYoungGen      total 300032K, used 300029K [0x0000000671580000, 0x0000000695f80000, 0x00000007c0000000)
  eden space 257536K, 100% used [0x0000000671580000,0x0000000681100000,0x0000000681100000)
  from space 42496K, 99% used [0x0000000681100000,0x0000000683a7f5f8,0x0000000683a80000)
  to   space 42496K, 0% used [0x0000000693600000,0x0000000693600000,0x0000000695f80000)
 ParOldGen       total 685568K, used 105501K [0x00000003d4000000, 0x00000003fdd80000, 0x0000000671580000)
  object space 685568K, 15% used [0x00000003d4000000,0x00000003da707640,0x00000003fdd80000)
 Metaspace       used 7029K, capacity 7200K, committed 7424K, reserved 1056768K
  class space    used 634K, capacity 656K, committed 768K, reserved 1048576K

